<?xml version="1.0" encoding="UTF-8"?>
<testsuite name="TestCalcul" tests="3" skipped="0" failures="0" errors="0" timestamp="2025-01-29T16:50:35" hostname="ubuntu" time="0.002">
  <properties/>
  <testcase name="calculMin5()" classname="TestCalcul" time="0.001"/>
  <testcase name="calcul10()" classname="TestCalcul" time="0.001"/>
  <testcase name="calcul0()" classname="TestCalcul" time="0.0"/>
  <system-out><![CDATA[]]></system-out>
  <system-err><![CDATA[]]></system-err>
</testsuite>
